Using pre-set license
Built from '2020.3/staging' branch; Version is '2020.3.19f1 (68f137dc9bbe) revision 6877495'; Using compiler version '192528614'; Build Type 'Release'
OS: 'Windows 10 Education; OS build 19043.1288; Version 2009; 64bit' Language: 'en' Physical Memory: 8143 MB
BatchMode: 1, IsHumanControllingUs: 0, StartBugReporterOnCrash: 0, Is64bit: 1, IsPro: 0

COMMAND LINE ARGUMENTS:
C:\Program Files\Unity\Hub\Editor\2020.3.19f1\Editor\Unity.exe
-adb2
-batchMode
-noUpm
-name
AssetImportWorker0
-projectPath
D:/unity_shader_training/shader_training
-logFile
Logs/AssetImportWorker0.log
-srvPort
64665
Successfully changed project path to: D:/unity_shader_training/shader_training
D:/unity_shader_training/shader_training
Using Asset Import Pipeline V2.
Refreshing native plugins compatible for Editor in 27.67 ms, found 2 plugins.
Preloading 0 native plugins for Editor in 0.00 ms.
Initialize engine version: 2020.3.19f1 (68f137dc9bbe)
[Subsystems] Discovering subsystems at path C:/Program Files/Unity/Hub/Editor/2020.3.19f1/Editor/Data/Resources/UnitySubsystems
[Subsystems] Discovering subsystems at path D:/unity_shader_training/shader_training/Assets
GfxDevice: creating device client; threaded=0
Direct3D:
    Version:  Direct3D 11.0 [level 11.1]
    Renderer: Radeon RX550/550 Series (ID=0x699f)
    Vendor:   
    VRAM:     2028 MB
    Driver:   30.0.13017.1004
Initialize mono
Mono path[0] = 'C:/Program Files/Unity/Hub/Editor/2020.3.19f1/Editor/Data/Managed'
Mono path[1] = 'C:/Program Files/Unity/Hub/Editor/2020.3.19f1/Editor/Data/MonoBleedingEdge/lib/mono/unityjit'
Mono config path = 'C:/Program Files/Unity/Hub/Editor/2020.3.19f1/Editor/Data/MonoBleedingEdge/etc'
Using monoOptions --debugger-agent=transport=dt_socket,embedding=1,server=y,suspend=n,address=127.0.0.1:56864
Begin MonoManager ReloadAssembly
Registering precompiled unity dll's ...
Register platform support module: C:/Program Files/Unity/Hub/Editor/2020.3.19f1/Editor/Data/PlaybackEngines/WindowsStandaloneSupport/UnityEditor.WindowsStandalone.Extensions.dll
Registered in 0.002257 seconds.
Native extension for WindowsStandalone target not found
Refreshing native plugins compatible for Editor in 28.12 ms, found 2 plugins.
Preloading 0 native plugins for Editor in 0.00 ms.
Mono: successfully reloaded assembly
- Completed reload, in  3.982 seconds
Domain Reload Profiling:
	ReloadAssembly (3982ms)
		BeginReloadAssembly (59ms)
			ExecutionOrderSort (0ms)
			DisableScriptedObjects (0ms)
			BackupInstance (0ms)
			ReleaseScriptingObjects (0ms)
			CreateAndSetChildDomain (1ms)
		EndReloadAssembly (419ms)
			LoadAssemblies (56ms)
			RebuildTransferFunctionScriptingTraits (0ms)
			SetupTypeCache (154ms)
			ReleaseScriptCaches (0ms)
			RebuildScriptCaches (29ms)
			SetupLoadedEditorAssemblies (159ms)
				LogAssemblyErrors (0ms)
				InitializePlatformSupportModulesInManaged (4ms)
				SetLoadedEditorAssemblies (0ms)
				RefreshPlugins (28ms)
				BeforeProcessingInitializeOnLoad (16ms)
				ProcessInitializeOnLoadAttributes (80ms)
				ProcessInitializeOnLoadMethodAttributes (30ms)
				AfterProcessingInitializeOnLoad (0ms)
				EditorAssembliesLoaded (0ms)
			ExecutionOrderSort2 (0ms)
			AwakeInstancesAfterBackupRestoration (0ms)
Platform modules already initialized, skipping
Registering precompiled user dll's ...
Registered in 0.001825 seconds.
Begin MonoManager ReloadAssembly
Native extension for WindowsStandalone target not found
Refreshing native plugins compatible for Editor in 0.33 ms, found 2 plugins.
Preloading 0 native plugins for Editor in 0.00 ms.
Mono: successfully reloaded assembly
- Completed reload, in  1.055 seconds
Domain Reload Profiling:
	ReloadAssembly (1056ms)
		BeginReloadAssembly (157ms)
			ExecutionOrderSort (0ms)
			DisableScriptedObjects (5ms)
			BackupInstance (0ms)
			ReleaseScriptingObjects (0ms)
			CreateAndSetChildDomain (22ms)
		EndReloadAssembly (831ms)
			LoadAssemblies (89ms)
			RebuildTransferFunctionScriptingTraits (0ms)
			SetupTypeCache (291ms)
			ReleaseScriptCaches (0ms)
			RebuildScriptCaches (43ms)
			SetupLoadedEditorAssemblies (310ms)
				LogAssemblyErrors (0ms)
				InitializePlatformSupportModulesInManaged (5ms)
				SetLoadedEditorAssemblies (0ms)
				RefreshPlugins (0ms)
				BeforeProcessingInitializeOnLoad (77ms)
				ProcessInitializeOnLoadAttributes (213ms)
				ProcessInitializeOnLoadMethodAttributes (5ms)
				AfterProcessingInitializeOnLoad (9ms)
				EditorAssembliesLoaded (0ms)
			ExecutionOrderSort2 (0ms)
			AwakeInstancesAfterBackupRestoration (7ms)
Platform modules already initialized, skipping
========================================================================
Worker process is ready to serve import requests
Launched and connected shader compiler UnityShaderCompiler.exe after 0.07 seconds
Refreshing native plugins compatible for Editor in 0.32 ms, found 2 plugins.
Preloading 0 native plugins for Editor in 0.00 ms.
Unloading 1397 Unused Serialized files (Serialized files now loaded: 0)
System memory in use before: 64.8 MB.
System memory in use after: 64.9 MB.

Unloading 16 unused Assets to reduce memory usage. Loaded Objects now: 1832.
Total: 2.896400 ms (FindLiveObjects: 0.203300 ms CreateObjectMapping: 0.033000 ms MarkObjects: 2.596700 ms  DeleteObjects: 0.062100 ms)

AssetImportParameters requested are different than current active one (requested -> active):
  custom:framework-win-MediaFoundation: 216162199b28c13a410421893ffa2e32 -> 
  custom:video-decoder-ogg-theora: a1e56fd34408186e4bbccfd4996cb3dc -> 
  custom:container-muxer-webm: aa71ff27fc2769a1b78a27578f13a17b -> 
  custom:container-demuxer-webm: 4f35f7cbe854078d1ac9338744f61a02 -> 
  custom:container-demuxer-ogg: 62fdf1f143b41e24485cea50d1cbac27 -> 
  custom:video-encoder-webm-vp8: eb34c28f22e8b96e1ab97ce403110664 -> 
  custom:video-decoder-webm-vp8: 9c59270c3fd7afecdb556c50c9e8de78 -> 
  custom:audio-decoder-ogg-vorbis: bf7c407c2cedff20999df2af8eb42d56 -> 
  custom:audio-encoder-webm-vorbis: bf7c407c2cedff20999df2af8eb42d56 -> 
========================================================================
Received Import Request.
  path: Assets
  artifactKey: Guid(00000000000000001000000000000000) Importer(815301076,1909f56bfc062723c751e8b465ee728b)
Start importing Assets using Guid(00000000000000001000000000000000) Importer(815301076,1909f56bfc062723c751e8b465ee728b)  -> (artifact id: '42d402b061de3733987d63b9cc3b64de') in 0.011045 seconds 
  Import took 0.036421 seconds .

========================================================================
Received Import Request.
  Time since last request: 2.262762 seconds.
  path: Assets/Hologram.shader
  artifactKey: Guid(8ea3b539af18ea44482ffd360c85bf56) Importer(815301076,1909f56bfc062723c751e8b465ee728b)
Start importing Assets/Hologram.shader using Guid(8ea3b539af18ea44482ffd360c85bf56) Importer(815301076,1909f56bfc062723c751e8b465ee728b)  -> (artifact id: 'e9f9e946b9ebfcc4c31a21e40081a5b1') in 0.030149 seconds 
  Import took 0.032759 seconds .

========================================================================
Received Import Request.
  Time since last request: 10.556462 seconds.
  path: Assets/H.mat
  artifactKey: Guid(845f0f140b073c04b98bc95d890e4c72) Importer(815301076,1909f56bfc062723c751e8b465ee728b)
Start importing Assets/H.mat using Guid(845f0f140b073c04b98bc95d890e4c72) Importer(815301076,1909f56bfc062723c751e8b465ee728b)  -> (artifact id: 'a37358fb05758c935a48a4f5c1d01668') in 0.097850 seconds 
  Import took 0.115535 seconds .

========================================================================
Received Import Request.
  Time since last request: 8.813288 seconds.
  path: Assets/Unlit_Hologram.mat
  artifactKey: Guid(8bee742ab195ad14e8e13cdeb6c58f90) Importer(815301076,1909f56bfc062723c751e8b465ee728b)
Start importing Assets/Unlit_Hologram.mat using Guid(8bee742ab195ad14e8e13cdeb6c58f90) Importer(815301076,1909f56bfc062723c751e8b465ee728b)  -> (artifact id: '18e05f6001c744914bf6d717fd1a1f04') in 0.024197 seconds 
  Import took 0.027001 seconds .

========================================================================
Received Import Request.
  Time since last request: 17.840239 seconds.
  path: Assets/Scenes
  artifactKey: Guid(f901cd4793aa39e47b1855e82fae0b30) Importer(815301076,1909f56bfc062723c751e8b465ee728b)
Start importing Assets/Scenes using Guid(f901cd4793aa39e47b1855e82fae0b30) Importer(815301076,1909f56bfc062723c751e8b465ee728b)  -> (artifact id: '841985ed9e13ebef191efb4b96bcef90') in 0.001328 seconds 
  Import took 0.029347 seconds .

========================================================================
Received Import Request.
  Time since last request: 6.379149 seconds.
  path: Assets/Unlit_Hologram.mat
  artifactKey: Guid(8bee742ab195ad14e8e13cdeb6c58f90) Importer(815301076,1909f56bfc062723c751e8b465ee728b)
Start importing Assets/Unlit_Hologram.mat using Guid(8bee742ab195ad14e8e13cdeb6c58f90) Importer(815301076,1909f56bfc062723c751e8b465ee728b)  -> (artifact id: '67789a7c876de1d7da507dfb6dcf9e3d') in 0.017195 seconds 
  Import took 0.040224 seconds .

========================================================================
Received Import Request.
  Time since last request: 1325.800760 seconds.
  path: Assets/NewBehaviourScript.cs
  artifactKey: Guid(426b071b0abd3394080380da7edcea67) Importer(815301076,1909f56bfc062723c751e8b465ee728b)
Start importing Assets/NewBehaviourScript.cs using Guid(426b071b0abd3394080380da7edcea67) Importer(815301076,1909f56bfc062723c751e8b465ee728b)  -> (artifact id: 'b28ccb9753da37405a5d85a895f02444') in 0.027179 seconds 
  Import took 0.057023 seconds .

========================================================================
Received Prepare
Registering precompiled user dll's ...
Registered in 0.120424 seconds.
Begin MonoManager ReloadAssembly
Native extension for WindowsStandalone target not found
Refreshing native plugins compatible for Editor in 0.52 ms, found 2 plugins.
Preloading 0 native plugins for Editor in 0.00 ms.
Mono: successfully reloaded assembly
- Completed reload, in  1.144 seconds
Domain Reload Profiling:
	ReloadAssembly (1145ms)
		BeginReloadAssembly (137ms)
			ExecutionOrderSort (0ms)
			DisableScriptedObjects (5ms)
			BackupInstance (0ms)
			ReleaseScriptingObjects (0ms)
			CreateAndSetChildDomain (42ms)
		EndReloadAssembly (931ms)
			LoadAssemblies (101ms)
			RebuildTransferFunctionScriptingTraits (0ms)
			SetupTypeCache (300ms)
			ReleaseScriptCaches (1ms)
			RebuildScriptCaches (39ms)
			SetupLoadedEditorAssemblies (348ms)
				LogAssemblyErrors (0ms)
				InitializePlatformSupportModulesInManaged (8ms)
				SetLoadedEditorAssemblies (1ms)
				RefreshPlugins (1ms)
				BeforeProcessingInitializeOnLoad (85ms)
				ProcessInitializeOnLoadAttributes (238ms)
				ProcessInitializeOnLoadMethodAttributes (5ms)
				AfterProcessingInitializeOnLoad (11ms)
				EditorAssembliesLoaded (0ms)
			ExecutionOrderSort2 (0ms)
			AwakeInstancesAfterBackupRestoration (14ms)
Platform modules already initialized, skipping
Refreshing native plugins compatible for Editor in 0.41 ms, found 2 plugins.
Preloading 0 native plugins for Editor in 0.00 ms.
Unloading 1393 Unused Serialized files (Serialized files now loaded: 0)
System memory in use before: 68.3 MB.
System memory in use after: 68.4 MB.

Unloading 12 unused Assets to reduce memory usage. Loaded Objects now: 1876.
Total: 3.353200 ms (FindLiveObjects: 0.251000 ms CreateObjectMapping: 0.038800 ms MarkObjects: 2.992000 ms  DeleteObjects: 0.068600 ms)

AssetImportParameters requested are different than current active one (requested -> active):
  custom:framework-win-MediaFoundation: 216162199b28c13a410421893ffa2e32 -> 
  custom:video-decoder-ogg-theora: a1e56fd34408186e4bbccfd4996cb3dc -> 
  custom:container-muxer-webm: aa71ff27fc2769a1b78a27578f13a17b -> 
  custom:container-demuxer-webm: 4f35f7cbe854078d1ac9338744f61a02 -> 
  custom:container-demuxer-ogg: 62fdf1f143b41e24485cea50d1cbac27 -> 
  custom:video-encoder-webm-vp8: eb34c28f22e8b96e1ab97ce403110664 -> 
  custom:video-decoder-webm-vp8: 9c59270c3fd7afecdb556c50c9e8de78 -> 
  custom:audio-decoder-ogg-vorbis: bf7c407c2cedff20999df2af8eb42d56 -> 
  custom:audio-encoder-webm-vorbis: bf7c407c2cedff20999df2af8eb42d56 -> 
========================================================================
Received Import Request.
  Time since last request: 160.143532 seconds.
  path: Assets/Hologram.shader
  artifactKey: Guid(8ea3b539af18ea44482ffd360c85bf56) Importer(815301076,1909f56bfc062723c751e8b465ee728b)
Start importing Assets/Hologram.shader using Guid(8ea3b539af18ea44482ffd360c85bf56) Importer(815301076,1909f56bfc062723c751e8b465ee728b)  -> (artifact id: '8b95f6c2a68e2788732b02e0c894a4bb') in 0.012332 seconds 
  Import took 0.015440 seconds .

========================================================================
Received Import Request.
  Time since last request: 125.783243 seconds.
  path: Assets/Hologram.shader
  artifactKey: Guid(8ea3b539af18ea44482ffd360c85bf56) Importer(815301076,1909f56bfc062723c751e8b465ee728b)
Start importing Assets/Hologram.shader using Guid(8ea3b539af18ea44482ffd360c85bf56) Importer(815301076,1909f56bfc062723c751e8b465ee728b)  -> (artifact id: '804db34ebacf69504bffe02e4de3e675') in 0.001712 seconds 
  Import took 0.004534 seconds .

========================================================================
Received Import Request.
  Time since last request: 10.402459 seconds.
  path: Assets/Hologram.shader
  artifactKey: Guid(8ea3b539af18ea44482ffd360c85bf56) Importer(815301076,1909f56bfc062723c751e8b465ee728b)
Start importing Assets/Hologram.shader using Guid(8ea3b539af18ea44482ffd360c85bf56) Importer(815301076,1909f56bfc062723c751e8b465ee728b)  -> (artifact id: 'ebd2b423d34400137a7f2d5e4857e9dd') in 0.001542 seconds 
  Import took 0.003961 seconds .

========================================================================
Received Import Request.
  Time since last request: 1426.086599 seconds.
  path: Assets/Unlit_Hologram.mat
  artifactKey: Guid(8bee742ab195ad14e8e13cdeb6c58f90) Importer(815301076,1909f56bfc062723c751e8b465ee728b)
Start importing Assets/Unlit_Hologram.mat using Guid(8bee742ab195ad14e8e13cdeb6c58f90) Importer(815301076,1909f56bfc062723c751e8b465ee728b)  -> (artifact id: 'c81427e2d303986f4f451ac51bbcbda7') in 0.068304 seconds 
  Import took 0.092908 seconds .

========================================================================
Received Import Request.
  Time since last request: 12.498442 seconds.
  path: Assets/Unlit_Hologram.mat
  artifactKey: Guid(8bee742ab195ad14e8e13cdeb6c58f90) Importer(815301076,1909f56bfc062723c751e8b465ee728b)
Start importing Assets/Unlit_Hologram.mat using Guid(8bee742ab195ad14e8e13cdeb6c58f90) Importer(815301076,1909f56bfc062723c751e8b465ee728b)  -> (artifact id: 'f26512fc091a28ced88da154f1c7ef5c') in 0.013376 seconds 
  Import took 0.017206 seconds .

